  Camera.cpp
c:\users\partha\source\repos\elite game engine\eliteenginesafaric\camera.h(2): fatal error C1083: Cannot open include file: 'SFML/Graphics.hpp': No such file or directory
  CircleCollider.cpp
c:\users\partha\source\repos\elite game engine\eliteenginesafaric\component.h(2): fatal error C1083: Cannot open include file: 'SFML/Graphics.hpp': No such file or directory
  Component.cpp
c:\users\partha\source\repos\elite game engine\eliteenginesafaric\component.h(2): fatal error C1083: Cannot open include file: 'SFML/Graphics.hpp': No such file or directory
  Delegate.cpp
  Engine.cpp
c:\users\partha\source\repos\elite game engine\eliteenginesafaric\engine.h(2): fatal error C1083: Cannot open include file: 'SFML/Graphics.hpp': No such file or directory
  Entities.cpp
c:\users\partha\source\repos\elite game engine\eliteenginesafaric\entities.h(2): fatal error C1083: Cannot open include file: 'SFML/Graphics.hpp': No such file or directory
  Events.cpp
  InputEvent.cpp
c:\users\partha\source\repos\elite game engine\eliteenginesafaric\inputevent.h(3): fatal error C1083: Cannot open include file: 'SFML/Graphics.hpp': No such file or directory
  main.cpp
c:\users\partha\source\repos\elite game engine\eliteenginesafaric\main.cpp(1): fatal error C1083: Cannot open include file: 'SFML/Graphics.hpp': No such file or directory
  InputSystem.cpp
c:\users\partha\source\repos\elite game engine\eliteenginesafaric\entities.h(2): fatal error C1083: Cannot open include file: 'SFML/Graphics.hpp': No such file or directory
  PhysicsSystem.cpp
c:\users\partha\source\repos\elite game engine\eliteenginesafaric\system.h(2): fatal error C1083: Cannot open include file: 'SFML/Graphics.hpp': No such file or directory
  Position.cpp
c:\users\partha\source\repos\elite game engine\eliteenginesafaric\component.h(2): fatal error C1083: Cannot open include file: 'SFML/Graphics.hpp': No such file or directory
  Rectangle.cpp
  RectangleCollider.cpp
c:\users\partha\source\repos\elite game engine\eliteenginesafaric\component.h(2): fatal error C1083: Cannot open include file: 'SFML/Graphics.hpp': No such file or directory
  RenderingSystem.cpp
c:\users\partha\source\repos\elite game engine\eliteenginesafaric\system.h(2): fatal error C1083: Cannot open include file: 'SFML/Graphics.hpp': No such file or directory
  Rigidbody.cpp
c:\users\partha\source\repos\elite game engine\eliteenginesafaric\component.h(2): fatal error C1083: Cannot open include file: 'SFML/Graphics.hpp': No such file or directory
  Scene.cpp
c:\users\partha\source\repos\elite game engine\eliteenginesafaric\entities.h(2): fatal error C1083: Cannot open include file: 'SFML/Graphics.hpp': No such file or directory
  Sprite.cpp
c:\users\partha\source\repos\elite game engine\eliteenginesafaric\component.h(2): fatal error C1083: Cannot open include file: 'SFML/Graphics.hpp': No such file or directory
  System.cpp
c:\users\partha\source\repos\elite game engine\eliteenginesafaric\system.h(2): fatal error C1083: Cannot open include file: 'SFML/Graphics.hpp': No such file or directory
  Generating Code...
