c:\users\tyer\source\repos\eliteenginesafaric\eliteenginesafaric\debug\vc141.pdb
c:\users\tyer\source\repos\eliteenginesafaric\eliteenginesafaric\debug\vc141.idb
c:\users\tyer\source\repos\eliteenginesafaric\eliteenginesafaric\debug\component.obj
c:\users\tyer\source\repos\eliteenginesafaric\eliteenginesafaric\debug\engine.obj
c:\users\tyer\source\repos\eliteenginesafaric\eliteenginesafaric\debug\entities.obj
c:\users\tyer\source\repos\eliteenginesafaric\eliteenginesafaric\debug\eventsystem.obj
c:\users\tyer\source\repos\eliteenginesafaric\eliteenginesafaric\debug\input.obj
c:\users\tyer\source\repos\eliteenginesafaric\eliteenginesafaric\debug\main.obj
c:\users\tyer\source\repos\eliteenginesafaric\eliteenginesafaric\debug\movementsystem.obj
c:\users\tyer\source\repos\eliteenginesafaric\eliteenginesafaric\debug\position.obj
c:\users\tyer\source\repos\eliteenginesafaric\eliteenginesafaric\debug\rectangle.obj
c:\users\tyer\source\repos\eliteenginesafaric\eliteenginesafaric\debug\renderingsystem.obj
c:\users\tyer\source\repos\eliteenginesafaric\eliteenginesafaric\debug\scene.obj
c:\users\tyer\source\repos\eliteenginesafaric\eliteenginesafaric\debug\sprite.obj
c:\users\tyer\source\repos\eliteenginesafaric\eliteenginesafaric\debug\system.obj
c:\users\tyer\source\repos\eliteenginesafaric\eliteenginesafaric\debug\physicssystem.obj
c:\users\tyer\source\repos\eliteenginesafaric\eliteenginesafaric\debug\rigidbody.obj
c:\users\tyer\desktop\interview folder\eliteenginesafaric\eliteenginesafaric\debug\vc141.pdb
c:\users\tyer\desktop\interview folder\eliteenginesafaric\eliteenginesafaric\debug\vc141.idb
c:\users\tyer\desktop\interview folder\eliteenginesafaric\eliteenginesafaric\debug\component.obj
c:\users\tyer\desktop\interview folder\eliteenginesafaric\eliteenginesafaric\debug\engine.obj
c:\users\tyer\desktop\interview folder\eliteenginesafaric\eliteenginesafaric\debug\entities.obj
c:\users\tyer\desktop\interview folder\eliteenginesafaric\eliteenginesafaric\debug\eventsystem.obj
c:\users\tyer\desktop\interview folder\eliteenginesafaric\eliteenginesafaric\debug\input.obj
c:\users\tyer\desktop\interview folder\eliteenginesafaric\eliteenginesafaric\debug\main.obj
c:\users\tyer\desktop\interview folder\eliteenginesafaric\eliteenginesafaric\debug\movementsystem.obj
c:\users\tyer\desktop\interview folder\eliteenginesafaric\eliteenginesafaric\debug\physicssystem.obj
c:\users\tyer\desktop\interview folder\eliteenginesafaric\eliteenginesafaric\debug\position.obj
c:\users\tyer\desktop\interview folder\eliteenginesafaric\eliteenginesafaric\debug\rectangle.obj
c:\users\tyer\desktop\interview folder\eliteenginesafaric\eliteenginesafaric\debug\renderingsystem.obj
c:\users\tyer\desktop\interview folder\eliteenginesafaric\eliteenginesafaric\debug\rigidbody.obj
c:\users\tyer\desktop\interview folder\eliteenginesafaric\eliteenginesafaric\debug\scene.obj
c:\users\tyer\desktop\interview folder\eliteenginesafaric\eliteenginesafaric\debug\sprite.obj
c:\users\tyer\desktop\interview folder\eliteenginesafaric\eliteenginesafaric\debug\system.obj
c:\users\tyer\source\repos\eliteenginesafaric\debug\eliteenginesafaric.exe
c:\users\tyer\source\repos\eliteenginesafaric\debug\eliteenginesafaric.ilk
c:\users\tyer\source\repos\eliteenginesafaric\debug\eliteenginesafaric.pdb
c:\users\tyer\desktop\interview folder\eliteenginesafaric\debug\eliteenginesafaric.exe
c:\users\tyer\desktop\interview folder\eliteenginesafaric\debug\eliteenginesafaric.ilk
c:\users\tyer\desktop\interview folder\eliteenginesafaric\debug\eliteenginesafaric.pdb
c:\users\tyer\desktop\interview folder\eliteenginesafaric\eliteenginesafaric\debug\eliteeng.5a0abdce.tlog\cl.command.1.tlog
c:\users\tyer\desktop\interview folder\eliteenginesafaric\eliteenginesafaric\debug\eliteeng.5a0abdce.tlog\cl.read.1.tlog
c:\users\tyer\desktop\interview folder\eliteenginesafaric\eliteenginesafaric\debug\eliteeng.5a0abdce.tlog\cl.write.1.tlog
c:\users\tyer\desktop\interview folder\eliteenginesafaric\eliteenginesafaric\debug\eliteeng.5a0abdce.tlog\link.command.1.tlog
c:\users\tyer\desktop\interview folder\eliteenginesafaric\eliteenginesafaric\debug\eliteeng.5a0abdce.tlog\link.read.1.tlog
c:\users\tyer\desktop\interview folder\eliteenginesafaric\eliteenginesafaric\debug\eliteeng.5a0abdce.tlog\link.write.1.tlog
